<?xml version="1.0" encoding="UTF-8"?>
<!-- Generated by org.testng.reporters.JUnitReportReporter -->
<testsuite hostname="LAPTOP-B0DFQ8GL" failures="0" tests="1" name="coverFoxTestClass.CoverFoxTestValidate" time="86.216" errors="0" timestamp="2025-03-18T17:21:15 IST" skipped="0">
  <testcase classname="coverFoxTestClass.CoverFoxTestValidate" name="validateTestpalanfromTestAndBanner" time="86.216">
    <system-out>
      <![CDATA[onStart Listner works
tc is pass
onTestSuccess Listner works]]>
    </system-out>
  </testcase> <!-- validateTestpalanfromTestAndBanner -->
  <system-out>
    <![CDATA[lunching browser
lunching browser through TESTNG
clickingon genderbutton 1st page
clickingon clickonnextbutton 2nd page
clickingon clickonNextbutton on 3rd page
EnteringPincode page 4
EnteringMobNo page 4
ClickOnContinueButton page 4
onStart Listner works
tc is pass
onTestSuccess Listner works
closing browser
close it from test as well]]>
  </system-out>
</testsuite> <!-- coverFoxTestClass.CoverFoxTestValidate -->
